<?xml version="1.0" encoding="UTF-8"?>
<!-- Generated by org.testng.reporters.JUnitReportReporter -->
<testsuite hostname="serverdev4" name="me.minified.test.dao.UserFriendTest" tests="1" failures="0" timestamp="21 Oct 2013 08:04:59 GMT" time="0.106" errors="0">
  <testcase name="findFriends" time="0.106" classname="me.minified.test.dao.UserFriendTest"/>
</testsuite> <!-- me.minified.test.dao.UserFriendTest -->
