<?xml version="1.0" encoding="UTF-8"?>
<!-- Generated by org.testng.reporters.JUnitReportReporter -->
<testsuite hostname="serverdev4" name="me.minified.test.dao.UserRepositoryTest" tests="4" failures="0" timestamp="21 Oct 2013 07:03:25 GMT" time="0.844" errors="0">
  <testcase name="findById" time="0.030" classname="me.minified.test.dao.UserRepositoryTest"/>
  <testcase name="findByEmail" time="0.026" classname="me.minified.test.dao.UserRepositoryTest"/>
  <testcase name="save" time="0.671" classname="me.minified.test.dao.UserRepositoryTest"/>
  <testcase name="delete" time="0.117" classname="me.minified.test.dao.UserRepositoryTest"/>
</testsuite> <!-- me.minified.test.dao.UserRepositoryTest -->
